Flow report for mouse
Wed Nov 29 22:45:58 2023
Quartus Prime Version 18.0.0 Build 614 04/24/2018 SJ Standard Edition


---------------------
; Table of Contents ;
---------------------
  1. Legal Notice
  2. Flow Summary
  3. Flow Settings
  4. Flow Non-Default Global Settings
  5. Flow Elapsed Time
  6. Flow OS Summary
  7. Flow Log
  8. Flow Messages
  9. Flow Suppressed Messages



----------------
; Legal Notice ;
----------------
Copyright (C) 2018  Intel Corporation. All rights reserved.
Your use of Intel Corporation's design tools, logic functions 
and other software and tools, and its AMPP partner logic 
functions, and any output files from any of the foregoing 
(including device programming or simulation files), and any 
associated documentation or information are expressly subject 
to the terms and conditions of the Intel Program License 
Subscription Agreement, the Intel Quartus Prime License Agreement,
the Intel FPGA IP License Agreement, or other applicable license
agreement, including, without limitation, that your use is for
the sole purpose of programming logic devices manufactured by
Intel and sold by Intel or its authorized distributors.  Please
refer to the applicable agreement for further details.



+-----------------------------------------------------------------------------------+
; Flow Summary                                                                      ;
+---------------------------------+-------------------------------------------------+
; Flow Status                     ; Successful - Wed Nov 29 22:45:28 2023           ;
; Quartus Prime Version           ; 18.0.0 Build 614 04/24/2018 SJ Standard Edition ;
; Revision Name                   ; mouse                                           ;
; Top-level Entity Name           ; mouse_mapper                                    ;
; Family                          ; Cyclone V                                       ;
; Device                          ; 5CSEMA5F31C6                                    ;
; Timing Models                   ; Final                                           ;
; Logic utilization (in ALMs)     ; 79 / 32,070 ( < 1 % )                           ;
; Total registers                 ; 128                                             ;
; Total pins                      ; 55 / 457 ( 12 % )                               ;
; Total virtual pins              ; 0                                               ;
; Total block memory bits         ; 0 / 4,065,280 ( 0 % )                           ;
; Total DSP Blocks                ; 0 / 87 ( 0 % )                                  ;
; Total HSSI RX PCSs              ; 0                                               ;
; Total HSSI PMA RX Deserializers ; 0                                               ;
; Total HSSI TX PCSs              ; 0                                               ;
; Total HSSI PMA TX Serializers   ; 0                                               ;
; Total PLLs                      ; 0 / 6 ( 0 % )                                   ;
; Total DLLs                      ; 0 / 4 ( 0 % )                                   ;
+---------------------------------+-------------------------------------------------+


+-----------------------------------------+
; Flow Settings                           ;
+-------------------+---------------------+
; Option            ; Setting             ;
+-------------------+---------------------+
; Start date & time ; 11/29/2023 22:43:24 ;
; Main task         ; Compilation         ;
; Revision Name     ; mouse               ;
+-------------------+---------------------+


+--------------------------------------------------------------------------------------------------------------------------+
; Flow Non-Default Global Settings                                                                                         ;
+-------------------------------------+----------------------------------------+---------------+--------------+------------+
; Assignment Name                     ; Value                                  ; Default Value ; Entity Name  ; Section Id ;
+-------------------------------------+----------------------------------------+---------------+--------------+------------+
; COMPILER_SIGNATURE_ID               ; 93181000680442.170131580404324         ; --            ; --           ; --         ;
; MAX_CORE_JUNCTION_TEMP              ; 85                                     ; --            ; --           ; --         ;
; MIN_CORE_JUNCTION_TEMP              ; 0                                      ; --            ; --           ; --         ;
; PARTITION_COLOR                     ; -- (Not supported for targeted family) ; --            ; mouse_mapper ; Top        ;
; PARTITION_FITTER_PRESERVATION_LEVEL ; -- (Not supported for targeted family) ; --            ; mouse_mapper ; Top        ;
; PARTITION_NETLIST_TYPE              ; -- (Not supported for targeted family) ; --            ; mouse_mapper ; Top        ;
; POWER_BOARD_THERMAL_MODEL           ; None (CONSERVATIVE)                    ; --            ; --           ; --         ;
; POWER_PRESET_COOLING_SOLUTION       ; 23 MM HEAT SINK WITH 200 LFPM AIRFLOW  ; --            ; --           ; --         ;
; PROJECT_OUTPUT_DIRECTORY            ; output_files                           ; --            ; --           ; --         ;
; TOP_LEVEL_ENTITY                    ; mouse_mapper                           ; mouse         ; --           ; --         ;
+-------------------------------------+----------------------------------------+---------------+--------------+------------+


+--------------------------------------------------------------------------------------------------------------------------+
; Flow Elapsed Time                                                                                                        ;
+----------------------+--------------+-------------------------+---------------------+------------------------------------+
; Module Name          ; Elapsed Time ; Average Processors Used ; Peak Virtual Memory ; Total CPU Time (on all processors) ;
+----------------------+--------------+-------------------------+---------------------+------------------------------------+
; Analysis & Synthesis ; 00:00:31     ; 1.0                     ; 4852 MB             ; 00:00:17                           ;
; Fitter               ; 00:00:39     ; 1.0                     ; 6884 MB             ; 00:01:23                           ;
; Assembler            ; 00:00:10     ; 1.0                     ; 4834 MB             ; 00:00:06                           ;
; Timing Analyzer      ; 00:00:26     ; 1.0                     ; 5167 MB             ; 00:00:06                           ;
; Total                ; 00:01:46     ; --                      ; --                  ; 00:01:52                           ;
+----------------------+--------------+-------------------------+---------------------+------------------------------------+


+------------------------------------------------------------------------------------+
; Flow OS Summary                                                                    ;
+----------------------+------------------+------------+------------+----------------+
; Module Name          ; Machine Hostname ; OS Name    ; OS Version ; Processor type ;
+----------------------+------------------+------------+------------+----------------+
; Analysis & Synthesis ; BA3135WS25       ; Windows 10 ; 10.0       ; x86_64         ;
; Fitter               ; BA3135WS25       ; Windows 10 ; 10.0       ; x86_64         ;
; Assembler            ; BA3135WS25       ; Windows 10 ; 10.0       ; x86_64         ;
; Timing Analyzer      ; BA3135WS25       ; Windows 10 ; 10.0       ; x86_64         ;
+----------------------+------------------+------------+------------+----------------+


------------
; Flow Log ;
------------
quartus_map --read_settings_files=on --write_settings_files=off mouse_decoder -c mouse
quartus_fit --read_settings_files=off --write_settings_files=off mouse_decoder -c mouse
quartus_asm --read_settings_files=off --write_settings_files=off mouse_decoder -c mouse
quartus_sta mouse_decoder -c mouse



