Analysis & Synthesis report for rng_mapper
Thu Nov 30 15:04:01 2023
Quartus Prime Version 18.0.0 Build 614 04/24/2018 SJ Lite Edition


---------------------
; Table of Contents ;
---------------------
  1. Legal Notice
  2. Analysis & Synthesis Summary
  3. Analysis & Synthesis Settings
  4. Parallel Compilation
  5. Analysis & Synthesis Source Files Read
  6. Analysis & Synthesis Resource Usage Summary
  7. Analysis & Synthesis Resource Utilization by Entity
  8. General Register Statistics
  9. Multiplexer Restructuring Statistics (Restructuring Performed)
 10. Parameter Settings for User Entity Instance: pseudo_rng:comb_3
 11. Parameter Settings for Inferred Entity Instance: pseudo_rng:comb_3|lpm_divide:Mod0
 12. Post-Synthesis Netlist Statistics for Top Partition
 13. Elapsed Time Per Partition
 14. Analysis & Synthesis Messages
 15. Analysis & Synthesis Suppressed Messages



----------------
; Legal Notice ;
----------------
Copyright (C) 2018  Intel Corporation. All rights reserved.
Your use of Intel Corporation's design tools, logic functions 
and other software and tools, and its AMPP partner logic 
functions, and any output files from any of the foregoing 
(including device programming or simulation files), and any 
associated documentation or information are expressly subject 
to the terms and conditions of the Intel Program License 
Subscription Agreement, the Intel Quartus Prime License Agreement,
the Intel FPGA IP License Agreement, or other applicable license
agreement, including, without limitation, that your use is for
the sole purpose of programming logic devices manufactured by
Intel and sold by Intel or its authorized distributors.  Please
refer to the applicable agreement for further details.



+-------------------------------------------------------------------------------+
; Analysis & Synthesis Summary                                                  ;
+---------------------------------+---------------------------------------------+
; Analysis & Synthesis Status     ; Successful - Thu Nov 30 15:04:01 2023       ;
; Quartus Prime Version           ; 18.0.0 Build 614 04/24/2018 SJ Lite Edition ;
; Revision Name                   ; rng_mapper                                  ;
; Top-level Entity Name           ; rng_mapper                                  ;
; Family                          ; Cyclone V                                   ;
; Logic utilization (in ALMs)     ; N/A                                         ;
; Total registers                 ; 32                                          ;
; Total pins                      ; 25                                          ;
; Total virtual pins              ; 0                                           ;
; Total block memory bits         ; 0                                           ;
; Total DSP Blocks                ; 0                                           ;
; Total HSSI RX PCSs              ; 0                                           ;
; Total HSSI PMA RX Deserializers ; 0                                           ;
; Total HSSI TX PCSs              ; 0                                           ;
; Total HSSI PMA TX Serializers   ; 0                                           ;
; Total PLLs                      ; 0                                           ;
; Total DLLs                      ; 0                                           ;
+---------------------------------+---------------------------------------------+


+---------------------------------------------------------------------------------------------------------------------------+
; Analysis & Synthesis Settings                                                                                             ;
+---------------------------------------------------------------------------------+--------------------+--------------------+
; Option                                                                          ; Setting            ; Default Value      ;
+---------------------------------------------------------------------------------+--------------------+--------------------+
; Device                                                                          ; 5CSEMA5F31C6       ;                    ;
; Top-level entity name                                                           ; rng_mapper         ; rng_mapper         ;
; Family name                                                                     ; Cyclone V          ; Cyclone V          ;
; Use smart compilation                                                           ; Off                ; Off                ;
; Enable parallel Assembler and Timing Analyzer during compilation                ; On                 ; On                 ;
; Enable compact report table                                                     ; Off                ; Off                ;
; Restructure Multiplexers                                                        ; Auto               ; Auto               ;
; MLAB Add Timing Constraints For Mixed-Port Feed-Through Mode Setting Don't Care ; Off                ; Off                ;
; Create Debugging Nodes for IP Cores                                             ; Off                ; Off                ;
; Preserve fewer node names                                                       ; On                 ; On                 ;
; Intel FPGA IP Evaluation Mode                                                   ; Enable             ; Enable             ;
; Verilog Version                                                                 ; Verilog_2001       ; Verilog_2001       ;
; VHDL Version                                                                    ; VHDL_1993          ; VHDL_1993          ;
; State Machine Processing                                                        ; Auto               ; Auto               ;
; Safe State Machine                                                              ; Off                ; Off                ;
; Extract Verilog State Machines                                                  ; On                 ; On                 ;
; Extract VHDL State Machines                                                     ; On                 ; On                 ;
; Ignore Verilog initial constructs                                               ; Off                ; Off                ;
; Iteration limit for constant Verilog loops                                      ; 5000               ; 5000               ;
; Iteration limit for non-constant Verilog loops                                  ; 250                ; 250                ;
; Add Pass-Through Logic to Inferred RAMs                                         ; On                 ; On                 ;
; Infer RAMs from Raw Logic                                                       ; On                 ; On                 ;
; Parallel Synthesis                                                              ; On                 ; On                 ;
; DSP Block Balancing                                                             ; Auto               ; Auto               ;
; NOT Gate Push-Back                                                              ; On                 ; On                 ;
; Power-Up Don't Care                                                             ; On                 ; On                 ;
; Remove Redundant Logic Cells                                                    ; Off                ; Off                ;
; Remove Duplicate Registers                                                      ; On                 ; On                 ;
; Ignore CARRY Buffers                                                            ; Off                ; Off                ;
; Ignore CASCADE Buffers                                                          ; Off                ; Off                ;
; Ignore GLOBAL Buffers                                                           ; Off                ; Off                ;
; Ignore ROW GLOBAL Buffers                                                       ; Off                ; Off                ;
; Ignore LCELL Buffers                                                            ; Off                ; Off                ;
; Ignore SOFT Buffers                                                             ; On                 ; On                 ;
; Limit AHDL Integers to 32 Bits                                                  ; Off                ; Off                ;
; Optimization Technique                                                          ; Balanced           ; Balanced           ;
; Carry Chain Length                                                              ; 70                 ; 70                 ;
; Auto Carry Chains                                                               ; On                 ; On                 ;
; Auto Open-Drain Pins                                                            ; On                 ; On                 ;
; Perform WYSIWYG Primitive Resynthesis                                           ; Off                ; Off                ;
; Auto ROM Replacement                                                            ; On                 ; On                 ;
; Auto RAM Replacement                                                            ; On                 ; On                 ;
; Auto DSP Block Replacement                                                      ; On                 ; On                 ;
; Auto Shift Register Replacement                                                 ; Auto               ; Auto               ;
; Allow Shift Register Merging across Hierarchies                                 ; Auto               ; Auto               ;
; Auto Clock Enable Replacement                                                   ; On                 ; On                 ;
; Strict RAM Replacement                                                          ; Off                ; Off                ;
; Allow Synchronous Control Signals                                               ; On                 ; On                 ;
; Force Use of Synchronous Clear Signals                                          ; Off                ; Off                ;
; Auto Resource Sharing                                                           ; Off                ; Off                ;
; Allow Any RAM Size For Recognition                                              ; Off                ; Off                ;
; Allow Any ROM Size For Recognition                                              ; Off                ; Off                ;
; Allow Any Shift Register Size For Recognition                                   ; Off                ; Off                ;
; Use LogicLock Constraints during Resource Balancing                             ; On                 ; On                 ;
; Ignore translate_off and synthesis_off directives                               ; Off                ; Off                ;
; Timing-Driven Synthesis                                                         ; On                 ; On                 ;
; Report Parameter Settings                                                       ; On                 ; On                 ;
; Report Source Assignments                                                       ; On                 ; On                 ;
; Report Connectivity Checks                                                      ; On                 ; On                 ;
; Ignore Maximum Fan-Out Assignments                                              ; Off                ; Off                ;
; Synchronization Register Chain Length                                           ; 3                  ; 3                  ;
; Power Optimization During Synthesis                                             ; Normal compilation ; Normal compilation ;
; HDL message level                                                               ; Level2             ; Level2             ;
; Suppress Register Optimization Related Messages                                 ; Off                ; Off                ;
; Number of Removed Registers Reported in Synthesis Report                        ; 5000               ; 5000               ;
; Number of Swept Nodes Reported in Synthesis Report                              ; 5000               ; 5000               ;
; Number of Inverted Registers Reported in Synthesis Report                       ; 100                ; 100                ;
; Clock MUX Protection                                                            ; On                 ; On                 ;
; Auto Gated Clock Conversion                                                     ; Off                ; Off                ;
; Block Design Naming                                                             ; Auto               ; Auto               ;
; SDC constraint protection                                                       ; Off                ; Off                ;
; Synthesis Effort                                                                ; Auto               ; Auto               ;
; Shift Register Replacement - Allow Asynchronous Clear Signal                    ; On                 ; On                 ;
; Pre-Mapping Resynthesis Optimization                                            ; Off                ; Off                ;
; Analysis & Synthesis Message Level                                              ; Medium             ; Medium             ;
; Disable Register Merging Across Hierarchies                                     ; Auto               ; Auto               ;
; Resource Aware Inference For Block RAM                                          ; On                 ; On                 ;
; Automatic Parallel Synthesis                                                    ; On                 ; On                 ;
; Partial Reconfiguration Bitstream ID                                            ; Off                ; Off                ;
+---------------------------------------------------------------------------------+--------------------+--------------------+


+------------------------------------------+
; Parallel Compilation                     ;
+----------------------------+-------------+
; Processors                 ; Number      ;
+----------------------------+-------------+
; Number detected on machine ; 16          ;
; Maximum allowed            ; 16          ;
;                            ;             ;
; Average used               ; 1.00        ;
; Maximum used               ; 16          ;
;                            ;             ;
; Usage by Processor         ; % Time Used ;
;     Processor 1            ; 100.0%      ;
;     Processors 2-16        ;   0.0%      ;
+----------------------------+-------------+


+---------------------------------------------------------------------------------------------------------------------------------------------------------------------------------------------------+
; Analysis & Synthesis Source Files Read                                                                                                                                                            ;
+----------------------------------+-----------------+------------------------------+-----------------------------------------------------------------------------------------------------+---------+
; File Name with User-Entered Path ; Used in Netlist ; File Type                    ; File Name with Absolute Path                                                                        ; Library ;
+----------------------------------+-----------------+------------------------------+-----------------------------------------------------------------------------------------------------+---------+
; rng_mapper.v                     ; yes             ; User Verilog HDL File        ; C:/Users/wikid/OneDrive - University of Toronto/ECE241/Final project/rng/rng_mapper.v               ;         ;
; pseudo_rng.v                     ; yes             ; User Verilog HDL File        ; C:/Users/wikid/OneDrive - University of Toronto/ECE241/Final project/rng/pseudo_rng.v               ;         ;
; lpm_divide.tdf                   ; yes             ; Megafunction                 ; c:/intelfpga_lite/18.0/quartus/libraries/megafunctions/lpm_divide.tdf                               ;         ;
; abs_divider.inc                  ; yes             ; Megafunction                 ; c:/intelfpga_lite/18.0/quartus/libraries/megafunctions/abs_divider.inc                              ;         ;
; sign_div_unsign.inc              ; yes             ; Megafunction                 ; c:/intelfpga_lite/18.0/quartus/libraries/megafunctions/sign_div_unsign.inc                          ;         ;
; aglobal180.inc                   ; yes             ; Megafunction                 ; c:/intelfpga_lite/18.0/quartus/libraries/megafunctions/aglobal180.inc                               ;         ;
; db/lpm_divide_o3m.tdf            ; yes             ; Auto-Generated Megafunction  ; C:/Users/wikid/OneDrive - University of Toronto/ECE241/Final project/rng/db/lpm_divide_o3m.tdf      ;         ;
; db/sign_div_unsign_rlh.tdf       ; yes             ; Auto-Generated Megafunction  ; C:/Users/wikid/OneDrive - University of Toronto/ECE241/Final project/rng/db/sign_div_unsign_rlh.tdf ;         ;
; db/alt_u_div_sve.tdf             ; yes             ; Auto-Generated Megafunction  ; C:/Users/wikid/OneDrive - University of Toronto/ECE241/Final project/rng/db/alt_u_div_sve.tdf       ;         ;
+----------------------------------+-----------------+------------------------------+-----------------------------------------------------------------------------------------------------+---------+


+-------------------------------------------------------------------------------+
; Analysis & Synthesis Resource Usage Summary                                   ;
+---------------------------------------------+---------------------------------+
; Resource                                    ; Usage                           ;
+---------------------------------------------+---------------------------------+
; Estimate of Logic utilization (ALMs needed) ; 130                             ;
;                                             ;                                 ;
; Combinational ALUT usage for logic          ; 256                             ;
;     -- 7 input functions                    ; 0                               ;
;     -- 6 input functions                    ; 4                               ;
;     -- 5 input functions                    ; 7                               ;
;     -- 4 input functions                    ; 23                              ;
;     -- <=3 input functions                  ; 222                             ;
;                                             ;                                 ;
; Dedicated logic registers                   ; 32                              ;
;                                             ;                                 ;
; I/O pins                                    ; 25                              ;
;                                             ;                                 ;
; Total DSP Blocks                            ; 0                               ;
;                                             ;                                 ;
; Maximum fan-out node                        ; pseudo_rng:comb_3|counter[26]~0 ;
; Maximum fan-out                             ; 27                              ;
; Total fan-out                               ; 789                             ;
; Average fan-out                             ; 2.33                            ;
+---------------------------------------------+---------------------------------+


+-------------------------------------------------------------------------------------------------------------------------------------------------------------------------------------------------------------------------------------------------------------------------------------------------------------------------+
; Analysis & Synthesis Resource Utilization by Entity                                                                                                                                                                                                                                                                     ;
+-------------------------------------------+---------------------+---------------------------+-------------------+------------+------+--------------+-------------------------------------------------------------------------------------------------------------------------------+---------------------+--------------+
; Compilation Hierarchy Node                ; Combinational ALUTs ; Dedicated Logic Registers ; Block Memory Bits ; DSP Blocks ; Pins ; Virtual Pins ; Full Hierarchy Name                                                                                                           ; Entity Name         ; Library Name ;
+-------------------------------------------+---------------------+---------------------------+-------------------+------------+------+--------------+-------------------------------------------------------------------------------------------------------------------------------+---------------------+--------------+
; |rng_mapper                               ; 256 (0)             ; 32 (0)                    ; 0                 ; 0          ; 25   ; 0            ; |rng_mapper                                                                                                                   ; rng_mapper          ; work         ;
;    |pseudo_rng:comb_3|                    ; 256 (37)            ; 32 (32)                   ; 0                 ; 0          ; 0    ; 0            ; |rng_mapper|pseudo_rng:comb_3                                                                                                 ; pseudo_rng          ; work         ;
;       |lpm_divide:Mod0|                   ; 219 (0)             ; 0 (0)                     ; 0                 ; 0          ; 0    ; 0            ; |rng_mapper|pseudo_rng:comb_3|lpm_divide:Mod0                                                                                 ; lpm_divide          ; work         ;
;          |lpm_divide_o3m:auto_generated|  ; 219 (0)             ; 0 (0)                     ; 0                 ; 0          ; 0    ; 0            ; |rng_mapper|pseudo_rng:comb_3|lpm_divide:Mod0|lpm_divide_o3m:auto_generated                                                   ; lpm_divide_o3m      ; work         ;
;             |sign_div_unsign_rlh:divider| ; 219 (0)             ; 0 (0)                     ; 0                 ; 0          ; 0    ; 0            ; |rng_mapper|pseudo_rng:comb_3|lpm_divide:Mod0|lpm_divide_o3m:auto_generated|sign_div_unsign_rlh:divider                       ; sign_div_unsign_rlh ; work         ;
;                |alt_u_div_sve:divider|    ; 219 (219)           ; 0 (0)                     ; 0                 ; 0          ; 0    ; 0            ; |rng_mapper|pseudo_rng:comb_3|lpm_divide:Mod0|lpm_divide_o3m:auto_generated|sign_div_unsign_rlh:divider|alt_u_div_sve:divider ; alt_u_div_sve       ; work         ;
+-------------------------------------------+---------------------+---------------------------+-------------------+------------+------+--------------+-------------------------------------------------------------------------------------------------------------------------------+---------------------+--------------+
Note: For table entries with two numbers listed, the numbers in parentheses indicate the number of resources of the given type used by the specific entity alone. The numbers listed outside of parentheses indicate the total resources of the given type used by the specific entity and all of its sub-entities in the hierarchy.


+------------------------------------------------------+
; General Register Statistics                          ;
+----------------------------------------------+-------+
; Statistic                                    ; Value ;
+----------------------------------------------+-------+
; Total registers                              ; 32    ;
; Number of registers using Synchronous Clear  ; 27    ;
; Number of registers using Synchronous Load   ; 0     ;
; Number of registers using Asynchronous Clear ; 0     ;
; Number of registers using Asynchronous Load  ; 0     ;
; Number of registers using Clock Enable       ; 5     ;
; Number of registers using Preset             ; 0     ;
+----------------------------------------------+-------+


+------------------------------------------------------------------------------------------------------------------------------------------------------------+
; Multiplexer Restructuring Statistics (Restructuring Performed)                                                                                             ;
+--------------------+-----------+---------------+----------------------+------------------------+------------+----------------------------------------------+
; Multiplexer Inputs ; Bus Width ; Baseline Area ; Area if Restructured ; Saving if Restructured ; Registered ; Example Multiplexer Output                   ;
+--------------------+-----------+---------------+----------------------+------------------------+------------+----------------------------------------------+
; 3:1                ; 27 bits   ; 54 LEs        ; 0 LEs                ; 54 LEs                 ; Yes        ; |rng_mapper|pseudo_rng:comb_3|counter[26]    ;
; 8:1                ; 5 bits    ; 25 LEs        ; 15 LEs               ; 10 LEs                 ; Yes        ; |rng_mapper|pseudo_rng:comb_3|output_data[0] ;
+--------------------+-----------+---------------+----------------------+------------------------+------------+----------------------------------------------+


+----------------------------------------------------------------+
; Parameter Settings for User Entity Instance: pseudo_rng:comb_3 ;
+----------------+-------+---------------------------------------+
; Parameter Name ; Value ; Type                                  ;
+----------------+-------+---------------------------------------+
; uppermax       ; 24    ; Signed Integer                        ;
+----------------+-------+---------------------------------------+
Note: In order to hide this table in the UI and the text report file, please set the "Show Parameter Settings in Synthesis Report" option in "Analysis and Synthesis Settings -> More Settings" to "Off".


+------------------------------------------------------------------------------------+
; Parameter Settings for Inferred Entity Instance: pseudo_rng:comb_3|lpm_divide:Mod0 ;
+------------------------+----------------+------------------------------------------+
; Parameter Name         ; Value          ; Type                                     ;
+------------------------+----------------+------------------------------------------+
; LPM_WIDTHN             ; 27             ; Untyped                                  ;
; LPM_WIDTHD             ; 3              ; Untyped                                  ;
; LPM_NREPRESENTATION    ; UNSIGNED       ; Untyped                                  ;
; LPM_DREPRESENTATION    ; UNSIGNED       ; Untyped                                  ;
; LPM_PIPELINE           ; 0              ; Untyped                                  ;
; LPM_REMAINDERPOSITIVE  ; TRUE           ; Untyped                                  ;
; MAXIMIZE_SPEED         ; 5              ; Untyped                                  ;
; CBXI_PARAMETER         ; lpm_divide_o3m ; Untyped                                  ;
; CARRY_CHAIN            ; MANUAL         ; Untyped                                  ;
; OPTIMIZE_FOR_SPEED     ; 5              ; Untyped                                  ;
; AUTO_CARRY_CHAINS      ; ON             ; AUTO_CARRY                               ;
; IGNORE_CARRY_BUFFERS   ; OFF            ; IGNORE_CARRY                             ;
; AUTO_CASCADE_CHAINS    ; ON             ; AUTO_CASCADE                             ;
; IGNORE_CASCADE_BUFFERS ; OFF            ; IGNORE_CASCADE                           ;
+------------------------+----------------+------------------------------------------+
Note: In order to hide this table in the UI and the text report file, please set the "Show Parameter Settings in Synthesis Report" option in "Analysis and Synthesis Settings -> More Settings" to "Off".


+-----------------------------------------------------+
; Post-Synthesis Netlist Statistics for Top Partition ;
+-----------------------+-----------------------------+
; Type                  ; Count                       ;
+-----------------------+-----------------------------+
; arriav_ff             ; 32                          ;
;     ENA               ; 5                           ;
;     SCLR              ; 27                          ;
; arriav_lcell_comb     ; 257                         ;
;     arith             ; 171                         ;
;         0 data inputs ; 48                          ;
;         1 data inputs ; 51                          ;
;         2 data inputs ; 1                           ;
;         3 data inputs ; 48                          ;
;         4 data inputs ; 23                          ;
;     normal            ; 82                          ;
;         0 data inputs ; 1                           ;
;         2 data inputs ; 47                          ;
;         3 data inputs ; 23                          ;
;         5 data inputs ; 7                           ;
;         6 data inputs ; 4                           ;
;     shared            ; 4                           ;
;         0 data inputs ; 1                           ;
;         1 data inputs ; 3                           ;
; boundary_port         ; 25                          ;
;                       ;                             ;
; Max LUT depth         ; 35.40                       ;
; Average LUT depth     ; 25.49                       ;
+-----------------------+-----------------------------+


+-------------------------------+
; Elapsed Time Per Partition    ;
+----------------+--------------+
; Partition Name ; Elapsed Time ;
+----------------+--------------+
; Top            ; 00:00:00     ;
+----------------+--------------+


+-------------------------------+
; Analysis & Synthesis Messages ;
+-------------------------------+
Info: *******************************************************************
Info: Running Quartus Prime Analysis & Synthesis
    Info: Version 18.0.0 Build 614 04/24/2018 SJ Lite Edition
    Info: Processing started: Thu Nov 30 15:03:49 2023
Info: Command: quartus_map --read_settings_files=on --write_settings_files=off pseudo_rng -c rng_mapper
Warning (18236): Number of processors has not been specified which may cause overloading on shared machines.  Set the global assignment NUM_PARALLEL_PROCESSORS in your QSF to an appropriate value for best performance.
Info (20030): Parallel compilation is enabled and will use 16 of the 16 processors detected
Info (12021): Found 1 design units, including 1 entities, in source file rng_mapper.v
    Info (12023): Found entity 1: rng_mapper File: C:/Users/wikid/OneDrive - University of Toronto/ECE241/Final project/rng/rng_mapper.v Line: 1
Info (12021): Found 1 design units, including 1 entities, in source file pseudo_rng.v
    Info (12023): Found entity 1: pseudo_rng File: C:/Users/wikid/OneDrive - University of Toronto/ECE241/Final project/rng/pseudo_rng.v Line: 1
Critical Warning (10846): Verilog HDL Instantiation warning at rng_mapper.v(7): instance has no name File: C:/Users/wikid/OneDrive - University of Toronto/ECE241/Final project/rng/rng_mapper.v Line: 7
Info (12127): Elaborating entity "rng_mapper" for the top level hierarchy
Warning (10034): Output port "LEDR[9..5]" at rng_mapper.v(5) has no driver File: C:/Users/wikid/OneDrive - University of Toronto/ECE241/Final project/rng/rng_mapper.v Line: 5
Info (12128): Elaborating entity "pseudo_rng" for hierarchy "pseudo_rng:comb_3" File: C:/Users/wikid/OneDrive - University of Toronto/ECE241/Final project/rng/rng_mapper.v Line: 7
Warning (10230): Verilog HDL assignment warning at pseudo_rng.v(17): truncated value with size 32 to match size of target (27) File: C:/Users/wikid/OneDrive - University of Toronto/ECE241/Final project/rng/pseudo_rng.v Line: 17
Warning (10230): Verilog HDL assignment warning at pseudo_rng.v(24): truncated value with size 32 to match size of target (3) File: C:/Users/wikid/OneDrive - University of Toronto/ECE241/Final project/rng/pseudo_rng.v Line: 24
Info (278001): Inferred 1 megafunctions from design logic
    Info (278004): Inferred divider/modulo megafunction ("lpm_divide") from the following logic: "pseudo_rng:comb_3|Mod0" File: C:/Users/wikid/OneDrive - University of Toronto/ECE241/Final project/rng/pseudo_rng.v Line: 24
Info (12130): Elaborated megafunction instantiation "pseudo_rng:comb_3|lpm_divide:Mod0" File: C:/Users/wikid/OneDrive - University of Toronto/ECE241/Final project/rng/pseudo_rng.v Line: 24
Info (12133): Instantiated megafunction "pseudo_rng:comb_3|lpm_divide:Mod0" with the following parameter: File: C:/Users/wikid/OneDrive - University of Toronto/ECE241/Final project/rng/pseudo_rng.v Line: 24
    Info (12134): Parameter "LPM_WIDTHN" = "27"
    Info (12134): Parameter "LPM_WIDTHD" = "3"
    Info (12134): Parameter "LPM_NREPRESENTATION" = "UNSIGNED"
    Info (12134): Parameter "LPM_DREPRESENTATION" = "UNSIGNED"
Info (12021): Found 1 design units, including 1 entities, in source file db/lpm_divide_o3m.tdf
    Info (12023): Found entity 1: lpm_divide_o3m File: C:/Users/wikid/OneDrive - University of Toronto/ECE241/Final project/rng/db/lpm_divide_o3m.tdf Line: 24
Info (12021): Found 1 design units, including 1 entities, in source file db/sign_div_unsign_rlh.tdf
    Info (12023): Found entity 1: sign_div_unsign_rlh File: C:/Users/wikid/OneDrive - University of Toronto/ECE241/Final project/rng/db/sign_div_unsign_rlh.tdf Line: 24
Info (12021): Found 1 design units, including 1 entities, in source file db/alt_u_div_sve.tdf
    Info (12023): Found entity 1: alt_u_div_sve File: C:/Users/wikid/OneDrive - University of Toronto/ECE241/Final project/rng/db/alt_u_div_sve.tdf Line: 22
Warning (13024): Output pins are stuck at VCC or GND
    Warning (13410): Pin "LEDR[5]" is stuck at GND File: C:/Users/wikid/OneDrive - University of Toronto/ECE241/Final project/rng/rng_mapper.v Line: 5
    Warning (13410): Pin "LEDR[6]" is stuck at GND File: C:/Users/wikid/OneDrive - University of Toronto/ECE241/Final project/rng/rng_mapper.v Line: 5
    Warning (13410): Pin "LEDR[7]" is stuck at GND File: C:/Users/wikid/OneDrive - University of Toronto/ECE241/Final project/rng/rng_mapper.v Line: 5
    Warning (13410): Pin "LEDR[8]" is stuck at GND File: C:/Users/wikid/OneDrive - University of Toronto/ECE241/Final project/rng/rng_mapper.v Line: 5
    Warning (13410): Pin "LEDR[9]" is stuck at GND File: C:/Users/wikid/OneDrive - University of Toronto/ECE241/Final project/rng/rng_mapper.v Line: 5
Info (286030): Timing-Driven Synthesis is running
Info (144001): Generated suppressed messages file C:/Users/wikid/OneDrive - University of Toronto/ECE241/Final project/rng/output_files/rng_mapper.map.smsg
Info (16010): Generating hard_block partition "hard_block:auto_generated_inst"
    Info (16011): Adding 0 node(s), including 0 DDIO, 0 PLL, 0 transceiver and 0 LCELL
Warning (21074): Design contains 12 input pin(s) that do not drive logic
    Warning (15610): No output dependent on input pin "SW[0]" File: C:/Users/wikid/OneDrive - University of Toronto/ECE241/Final project/rng/rng_mapper.v Line: 3
    Warning (15610): No output dependent on input pin "SW[1]" File: C:/Users/wikid/OneDrive - University of Toronto/ECE241/Final project/rng/rng_mapper.v Line: 3
    Warning (15610): No output dependent on input pin "SW[2]" File: C:/Users/wikid/OneDrive - University of Toronto/ECE241/Final project/rng/rng_mapper.v Line: 3
    Warning (15610): No output dependent on input pin "SW[3]" File: C:/Users/wikid/OneDrive - University of Toronto/ECE241/Final project/rng/rng_mapper.v Line: 3
    Warning (15610): No output dependent on input pin "SW[4]" File: C:/Users/wikid/OneDrive - University of Toronto/ECE241/Final project/rng/rng_mapper.v Line: 3
    Warning (15610): No output dependent on input pin "SW[5]" File: C:/Users/wikid/OneDrive - University of Toronto/ECE241/Final project/rng/rng_mapper.v Line: 3
    Warning (15610): No output dependent on input pin "SW[6]" File: C:/Users/wikid/OneDrive - University of Toronto/ECE241/Final project/rng/rng_mapper.v Line: 3
    Warning (15610): No output dependent on input pin "SW[7]" File: C:/Users/wikid/OneDrive - University of Toronto/ECE241/Final project/rng/rng_mapper.v Line: 3
    Warning (15610): No output dependent on input pin "SW[8]" File: C:/Users/wikid/OneDrive - University of Toronto/ECE241/Final project/rng/rng_mapper.v Line: 3
    Warning (15610): No output dependent on input pin "SW[9]" File: C:/Users/wikid/OneDrive - University of Toronto/ECE241/Final project/rng/rng_mapper.v Line: 3
    Warning (15610): No output dependent on input pin "KEY[1]" File: C:/Users/wikid/OneDrive - University of Toronto/ECE241/Final project/rng/rng_mapper.v Line: 4
    Warning (15610): No output dependent on input pin "KEY[2]" File: C:/Users/wikid/OneDrive - University of Toronto/ECE241/Final project/rng/rng_mapper.v Line: 4
Info (21057): Implemented 282 device resources after synthesis - the final resource count might be different
    Info (21058): Implemented 15 input pins
    Info (21059): Implemented 10 output pins
    Info (21061): Implemented 257 logic cells
Info: Quartus Prime Analysis & Synthesis was successful. 0 errors, 24 warnings
    Info: Peak virtual memory: 4908 megabytes
    Info: Processing ended: Thu Nov 30 15:04:01 2023
    Info: Elapsed time: 00:00:12
    Info: Total CPU time (on all processors): 00:00:11


+------------------------------------------+
; Analysis & Synthesis Suppressed Messages ;
+------------------------------------------+
The suppressed messages can be found in C:/Users/wikid/OneDrive - University of Toronto/ECE241/Final project/rng/output_files/rng_mapper.map.smsg.


